# JRE version: Java(TM) SE Runtime Environment (8.0_25-b17) (build 1.8.0_25-b17)
# Java VM: Java HotSpot(TM) 64-Bit Server VM (25.25-b02 mixed mode linux-amd64 compressed oops)
Heap:
 PSYoungGen      total 125952K, used 26593K [0x00000000eab00000, 0x00000000f4600000, 0x0000000100000000)
  eden space 99328K, 0% used [0x00000000eab00000,0x00000000eab00000,0x00000000f0c00000)
  from space 26624K, 99% used [0x00000000f1200000,0x00000000f2bf8680,0x00000000f2c00000)
  to   space 4608K, 0% used [0x00000000f4180000,0x00000000f4180000,0x00000000f4600000)
 ParOldGen       total 78336K, used 39691K [0x00000000c0000000, 0x00000000c4c80000, 0x00000000eab00000)
  object space 78336K, 50% used [0x00000000c0000000,0x00000000c26c2f00,0x00000000c4c80000)
 Metaspace       used 7556K, capacity 8056K, committed 8192K, reserved 1056768K
  class space    used 719K, capacity 752K, committed 768K, reserved 1048576K
GC Heap History (10 events):
Event: 2.350 GC heap after
Heap after GC invocations=3 (full 0):
 PSYoungGen      total 34304K, used 2559K [0x00000000eab00000, 0x00000000eee00000, 0x0000000100000000)
  eden space 31744K, 0% used [0x00000000eab00000,0x00000000eab00000,0x00000000eca00000)
  from space 2560K, 99% used [0x00000000eca00000,0x00000000ecc7fc28,0x00000000ecc80000)
  to   space 2560K, 0% used [0x00000000eeb80000,0x00000000eeb80000,0x00000000eee00000)
 ParOldGen       total 42496K, used 10729K [0x00000000c0000000, 0x00000000c2980000, 0x00000000eab00000)
  object space 42496K, 25% used [0x00000000c0000000,0x00000000c0a7a7a0,0x00000000c2980000)
 Metaspace       used 5901K, capacity 6896K, committed 7040K, reserved 1056768K
  class space    used 583K, capacity 616K, committed 640K, reserved 1048576K
}
Event: 2.664 GC heap before
{Heap before GC invocations=4 (full 0):
 PSYoungGen      total 34304K, used 34090K [0x00000000eab00000, 0x00000000eee00000, 0x0000000100000000)
  eden space 31744K, 99% used [0x00000000eab00000,0x00000000ec9cadf0,0x00000000eca00000)
  from space 2560K, 99% used [0x00000000eca00000,0x00000000ecc7fc28,0x00000000ecc80000)
  to   space 2560K, 0% used [0x00000000eeb80000,0x00000000eeb80000,0x00000000eee00000)
 ParOldGen       total 42496K, used 10729K [0x00000000c0000000, 0x00000000c2980000, 0x00000000eab00000)
  object space 42496K, 25% used [0x00000000c0000000,0x00000000c0a7a7a0,0x00000000c2980000)
 Metaspace       used 5952K, capacity 6960K, committed 7040K, reserved 1056768K
  class space    used 584K, capacity 616K, committed 640K, reserved 1048576K
Event: 2.704 GC heap after
Heap after GC invocations=4 (full 0):
 PSYoungGen      total 66048K, used 2547K [0x00000000eab00000, 0x00000000eee00000, 0x0000000100000000)
  eden space 63488K, 0% used [0x00000000eab00000,0x00000000eab00000,0x00000000ee900000)
  from space 2560K, 99% used [0x00000000eeb80000,0x00000000eedfcdd8,0x00000000eee00000)
  to   space 2560K, 0% used [0x00000000ee900000,0x00000000ee900000,0x00000000eeb80000)
 ParOldGen       total 42496K, used 17623K [0x00000000c0000000, 0x00000000c2980000, 0x00000000eab00000)
  object space 42496K, 41% used [0x00000000c0000000,0x00000000c1135c98,0x00000000c2980000)
 Metaspace       used 5952K, capacity 6960K, committed 7040K, reserved 1056768K
  class space    used 584K, capacity 616K, committed 640K, reserved 1048576K
}
Event: 3.853 GC heap before
{Heap before GC invocations=5 (full 0):
 PSYoungGen      total 66048K, used 66035K [0x00000000eab00000, 0x00000000eee00000, 0x0000000100000000)
  eden space 63488K, 100% used [0x00000000eab00000,0x00000000ee900000,0x00000000ee900000)
  from space 2560K, 99% used [0x00000000eeb80000,0x00000000eedfcdd8,0x00000000eee00000)
  to   space 2560K, 0% used [0x00000000ee900000,0x00000000ee900000,0x00000000eeb80000)
 ParOldGen       total 42496K, used 17623K [0x00000000c0000000, 0x00000000c2980000, 0x00000000eab00000)
  object space 42496K, 41% used [0x00000000c0000000,0x00000000c1135c98,0x00000000c2980000)
 Metaspace       used 7022K, capacity 7608K, committed 7936K, reserved 1056768K
  class space    used 667K, capacity 688K, committed 768K, reserved 1048576K
Event: 3.901 GC heap after
Heap after GC invocations=5 (full 0):
 PSYoungGen      total 66048K, used 2545K [0x00000000eab00000, 0x00000000f5c00000, 0x0000000100000000)
  eden space 63488K, 0% used [0x00000000eab00000,0x00000000eab00000,0x00000000ee900000)
  from space 2560K, 99% used [0x00000000ee900000,0x00000000eeb7c4c0,0x00000000eeb80000)
  to   space 27136K, 0% used [0x00000000f4180000,0x00000000f4180000,0x00000000f5c00000)
 ParOldGen       total 52736K, used 47091K [0x00000000c0000000, 0x00000000c3380000, 0x00000000eab00000)
  object space 52736K, 89% used [0x00000000c0000000,0x00000000c2dfcf80,0x00000000c3380000)
 Metaspace       used 7022K, capacity 7608K, committed 7936K, reserved 1056768K
  class space    used 667K, capacity 688K, committed 768K, reserved 1048576K
}
Event: 3.901 GC heap before
{Heap before GC invocations=6 (full 1):
 PSYoungGen      total 66048K, used 2545K [0x00000000eab00000, 0x00000000f5c00000, 0x0000000100000000)
  eden space 63488K, 0% used [0x00000000eab00000,0x00000000eab00000,0x00000000ee900000)
  from space 2560K, 99% used [0x00000000ee900000,0x00000000eeb7c4c0,0x00000000eeb80000)
  to   space 27136K, 0% used [0x00000000f4180000,0x00000000f4180000,0x00000000f5c00000)
 ParOldGen       total 52736K, used 47091K [0x00000000c0000000, 0x00000000c3380000, 0x00000000eab00000)
  object space 52736K, 89% used [0x00000000c0000000,0x00000000c2dfcf80,0x00000000c3380000)
 Metaspace       used 7022K, capacity 7608K, committed 7936K, reserved 1056768K
  class space    used 667K, capacity 688K, committed 768K, reserved 1048576K
Event: 4.075 GC heap after
Heap after GC invocations=6 (full 1):
 PSYoungGen      total 66048K, used 0K [0x00000000eab00000, 0x00000000f5c00000, 0x0000000100000000)
  eden space 63488K, 0% used [0x00000000eab00000,0x00000000eab00000,0x00000000ee900000)
  from space 2560K, 0% used [0x00000000ee900000,0x00000000ee900000,0x00000000eeb80000)
  to   space 27136K, 0% used [0x00000000f4180000,0x00000000f4180000,0x00000000f5c00000)
 ParOldGen       total 78336K, used 31268K [0x00000000c0000000, 0x00000000c4c80000, 0x00000000eab00000)
  object space 78336K, 39% used [0x00000000c0000000,0x00000000c1e89380,0x00000000c4c80000)
 Metaspace       used 7022K, capacity 7608K, committed 7936K, reserved 1056768K
  class space    used 667K, capacity 688K, committed 768K, reserved 1048576K
}
Event: 5.485 GC heap before
{Heap before GC invocations=7 (full 1):
 PSYoungGen      total 66048K, used 63488K [0x00000000eab00000, 0x00000000f5c00000, 0x0000000100000000)
  eden space 63488K, 100% used [0x00000000eab00000,0x00000000ee900000,0x00000000ee900000)
  from space 2560K, 0% used [0x00000000ee900000,0x00000000ee900000,0x00000000eeb80000)
  to   space 27136K, 0% used [0x00000000f4180000,0x00000000f4180000,0x00000000f5c00000)
 ParOldGen       total 78336K, used 31268K [0x00000000c0000000, 0x00000000c4c80000, 0x00000000eab00000)
  object space 78336K, 39% used [0x00000000c0000000,0x00000000c1e89380,0x00000000c4c80000)
 Metaspace       used 7544K, capacity 8056K, committed 8192K, reserved 1056768K
  class space    used 719K, capacity 752K, committed 768K, reserved 1048576K
Event: 5.535 GC heap after
Heap after GC invocations=7 (full 1):
 PSYoungGen      total 103936K, used 4277K [0x00000000eab00000, 0x00000000f4600000, 0x0000000100000000)
  eden space 99328K, 0% used [0x00000000eab00000,0x00000000eab00000,0x00000000f0c00000)
  from space 4608K, 92% used [0x00000000f4180000,0x00000000f45ad5d8,0x00000000f4600000)
  to   space 26624K, 0% used [0x00000000f1200000,0x00000000f1200000,0x00000000f2c00000)
 ParOldGen       total 78336K, used 31276K [0x00000000c0000000, 0x00000000c4c80000, 0x00000000eab00000)
  object space 78336K, 39% used [0x00000000c0000000,0x00000000c1e8b380,0x00000000c4c80000)
 Metaspace       used 7544K, capacity 8056K, committed 8192K, reserved 1056768K
  class space    used 719K, capacity 752K, committed 768K, reserved 1048576K
}
Event: 6.246 GC heap before
{Heap before GC invocations=8 (full 1):
 PSYoungGen      total 103936K, used 103605K [0x00000000eab00000, 0x00000000f4600000, 0x0000000100000000)
  eden space 99328K, 100% used [0x00000000eab00000,0x00000000f0c00000,0x00000000f0c00000)
  from space 4608K, 92% used [0x00000000f4180000,0x00000000f45ad5d8,0x00000000f4600000)
  to   space 26624K, 0% used [0x00000000f1200000,0x00000000f1200000,0x00000000f2c00000)
 ParOldGen       total 78336K, used 31276K [0x00000000c0000000, 0x00000000c4c80000, 0x00000000eab00000)
  object space 78336K, 39% used [0x00000000c0000000,0x00000000c1e8b380,0x00000000c4c80000)
 Metaspace       used 7556K, capacity 8056K, committed 8192K, reserved 1056768K
  class space    used 719K, capacity 752K, committed 768K, reserved 1048576K

